<?xml version="1.0" encoding="UTF-8"?>
<!-- Generated by org.testng.reporters.JUnitXMLReporter -->
<testsuite ignored="0" hostname="LAPTOP-092S62NG" failures="0" tests="5" name="EdgeTest" time="17.856" errors="0" timestamp="2024-10-23T15:13:22 IST">
  <testcase classname="testcases.TC03_LoginTestDataDriven" name="verifyloginDDf" time="10.337"/>
  <testcase classname="testcases.TC03_LoginTestDataDriven" name="verifyloginDDf" time="0.006"/>
  <testcase classname="testcases.TC03_LoginTestDataDriven" name="verifyloginDDf" time="0.005"/>
  <testcase classname="testcases.TC03_LoginTestDataDriven" name="verifyloginDDf" time="0.006"/>
  <testcase classname="testcases.TC03_LoginTestDataDriven" name="verifyloginDDf" time="0.006"/>
</testsuite> <!-- EdgeTest -->
