<?xml version="1.0" encoding="UTF-8"?>
<!-- Generated by org.testng.reporters.JUnitXMLReporter -->
<testsuite ignored="0" hostname="LAPTOP-092S62NG" failures="1" tests="8" name="ChromeTest" time="51.752" errors="0" timestamp="2024-11-02T18:54:23 IST">
  <testcase classname="testcases.TC01_RegisterUser" name="registerusertest" time="1.762"/>
  <testcase classname="testcases.TC02_LoginTest" name="verifyLoginfunction" time="2.11"/>
  <testcase classname="testcases.TC03_LoginTestDataDriven" name="verifyloginDDf" time="8.08"/>
  <testcase classname="testcases.TC03_LoginTestDataDriven" name="verifyloginDDf" time="7.924">
    <failure type="java.lang.AssertionError" message="expected [true] but found [false]">
      <![CDATA[java.lang.AssertionError: expected [true] but found [false]
at testcases.TC03_LoginTestDataDriven.verifyloginDDf(TC03_LoginTestDataDriven.java:53)
at java.base/java.util.ArrayList.forEach(ArrayList.java:1596)
... Removed 33 stack frames]]>
    </failure>
  </testcase> <!-- verifyloginDDf -->
  <testcase classname="testcases.TC03_LoginTestDataDriven" name="verifyloginDDf" time="8.319"/>
  <testcase classname="testcases.TC03_LoginTestDataDriven" name="verifyloginDDf" time="8.307"/>
  <testcase classname="testcases.TC03_LoginTestDataDriven" name="verifyloginDDf" time="2.283"/>
  <testcase classname="testcases.TC03_LoginTestDataDriven" name="verifyloginDDf" time="1.932"/>
</testsuite> <!-- ChromeTest -->
